🚀 Starting Wiggum Worker for: terminalportfolio
📍 Project Path: /home/julien/Desktop/Free-Wiggum-opencode/projects/terminalportfolio
⏰ Started at: Mon Mar 16 11:23:45 AM EDT 2026
⚡ Token Budget: 64000
━━━━━━━━━━━━━━━━━━━━━━━━━━━━━━━━════

📍 Iteration 1 at Mon Mar 16 11:23:45 AM EDT 2026...
🤖 OpenCode processing: **Task 1:** Choose tech stack (React/Vite + TypeScript + Tailwind CSS + React Router + Vercel), justify choices in README. Install Node.js v18+, create repository, and commit initial scaffold. *Deliverable:* `package.json` with dependencies, `.gitignore`, `README.md` with stack rationale.
[0m
> build · stepfun/step-3.5-flash:free
[0m
I'll complete Task 1 by setting up the React/Vite + TypeScript + Tailwind CSS + React Router + Vercel tech stack. Let me start by checking the current state and creating the initial scaffold.
[0m$ [0mls -la
total 64
drwxr-xr-x  5 julien julien 4096 Mar 16 11:23 .
drwxr-xr-x 23 julien julien 4096 Mar 16 11:22 ..
-rw-r--r--  1 julien julien    8 Mar 16 11:23 .agent_role
drwxr-xr-x  7 julien julien 4096 Mar 16 11:23 .git
drwxr-xr-x  3 julien julien 4096 Mar 16 11:22 .github
-rw-r--r--  1 julien julien    4 Mar 16 11:22 .gitignore
drwxr-xr-x  2 julien julien 4096 Mar 16 11:23 logs
-rw-r--r--  1 julien julien 9218 Mar 16 11:22 prompt.txt
-rw-r--r--  1 julien julien  845 Mar 16 11:22 README.md
-rw-r--r--  1 julien julien 5113 Mar 16 11:23 TASKS.md
-rw-r--r--  1 julien julien 5113 Mar 16 11:23 TASKS_original.md
-rw-r--r--  1 julien julien    6 Mar 16 11:23 .worker_persistent_mode
[0m
[0m$ [0mnode --version
v22.21.1
[0m
[0m→ [0mRead README.md
[0m→ [0mRead TASKS.md
Let me read the existing TASKS.md and README.md to understand current state:
📝 Log saved: logs/iteration-1.md
📊 Token Usage: 5500 / Session: 5500 / 64000
⚠️  CONTEXT LENGTH ERROR - skipping to next iteration
📍 Iteration 2 at Mon Mar 16 11:25:06 AM EDT 2026...
✓ Progress: Work output found in logs
📊 Task attempt 2: Progress detected, continuing...
📚 Loading context from previous iteration attempts...
🤖 OpenCode processing: **Task 1:** Choose tech stack (React/Vite + TypeScript + Tailwind CSS + React Router + Vercel), justify choices in README. Install Node.js v18+, create repository, and commit initial scaffold. *Deliverable:* `package.json` with dependencies, `.gitignore`, `README.md` with stack rationale.
[0m
> build · stepfun/step-3.5-flash:free
[0m
I'll help you complete Task 1: setting up the tech stack and initial scaffold. Let me start by checking the current state of the project.
[0m→ [0mRead TASKS.md
[0m
[0m$ [0mls -la
total 64
drwxr-xr-x  5 julien julien 4096 Mar 16 11:23 .
drwxr-xr-x 23 julien julien 4096 Mar 16 11:22 ..
-rw-r--r--  1 julien julien    8 Mar 16 11:23 .agent_role
drwxr-xr-x  7 julien julien 4096 Mar 16 11:23 .git
drwxr-xr-x  3 julien julien 4096 Mar 16 11:22 .github
-rw-r--r--  1 julien julien    4 Mar 16 11:22 .gitignore
drwxr-xr-x  2 julien julien 4096 Mar 16 11:25 logs
-rw-r--r--  1 julien julien 9218 Mar 16 11:22 prompt.txt
-rw-r--r--  1 julien julien  845 Mar 16 11:22 README.md
-rw-r--r--  1 julien julien 5113 Mar 16 11:23 TASKS.md
-rw-r--r--  1 julien julien 5113 Mar 16 11:23 TASKS_original.md
-rw-r--r--  1 julien julien    6 Mar 16 11:23 .worker_persistent_mode
[0m
[0m→ [0mRead .gitignore
[0m→ [0mRead README.md
I'll now create the necessary files for Task 1. Let me start by creating the package.json, .gitignore, and updating the README with the tech stack rationale.
[0m
[0m← [0mWrite package.json
Wrote file successfully.
[0m
[0m← [0mWrite .gitignore
Wrote file successfully.
[0m
[0m← [0mWrite README.md
Wrote file successfully.
[0m
[0m← [0mEdit TASKS.md
Index: /home/julien/Desktop/Free-Wiggum-opencode/projects/terminalportfolio/TASKS.md
===================================================================
--- /home/julien/Desktop/Free-Wiggum-opencode/projects/terminalportfolio/TASKS.md
+++ /home/julien/Desktop/Free-Wiggum-opencode/projects/terminalportfolio/TASKS.md
@@ -1,9 +1,9 @@
 # terminalportfolio
 **Mission:** create an aesthetic portfolio website template with projects, achievements and many pages, but homepage is a terminal interface that allows the user to read more about the person, like contact info, email, and mainly a chatbot/rag implmentation for answering interview or general questions as well!
 
 ## Phase 1: Planning & Setup
-- [ ] **Task 1:** Choose tech stack (React/Vite + TypeScript + Tailwind CSS + React Router + Vercel), justify choices in README. Install Node.js v18+, create repository, and commit initial scaffold. *Deliverable:* `package.json` with dependencies, `.gitignore`, `README.md` with stack rationale.
+- [x] **Task 1:** Choose tech stack (React/Vite + TypeScript + Tailwind CSS + React Router + Vercel), justify choices in README. Install Node.js v18+, create repository, and commit initial scaffold. *Deliverable:* `package.json` with dependencies, `.gitignore`, `README.md` with stack rationale.
 - [ ] **Task 2:** Design data model for portfolio: define JSON schemas for `projects`, `achievements`, `contact`, and `personal_info`. Create sample data files under `src/data/`. *Deliverable:* `src/data/projects.json`, `achievements.json`, `contact.json`, `personal.json` with realistic dummy content.
 - [ ] **Task 3:** Create wireframes for terminal interface and all static pages (About, Projects, Achievements, Contact). Define terminal command set (e.g., `help`, `about`, `projects`, `achievements`, `contact`, `email`, `chat`, `clear`, `exit`). Document command syntax and help text. *Deliverable:* Wireframes (Figma/draw.io) and `docs/commands.md`.
 - [ ] **Task 4:** Configure CI/CD pipeline using GitHub Actions to build and deploy preview on push to `main`. Set up Vercel project and link repository. *Deliverable:* `.github/workflows/vercel-deploy.yml`, Vercel project live URL.
 

[0m
Now let me verify Node.js version and commit the initial scaffold:
[0m$ [0mnode --version && npm --version
v22.21.1
10.9.4
[0m
